* using log directory ‘/Users/omarwagih/Development/gitter/build/gitter.Rcheck’
* using R version 3.0.2 (2013-09-25)
* using platform: x86_64-apple-darwin10.8.0 (64-bit)
* using session charset: UTF-8
* checking for file ‘gitter/DESCRIPTION’ ... OK
* checking extension type ... Package
* this is package ‘gitter’ version ‘1.0.3’
* checking CRAN incoming feasibility ... NOTE
Maintainer: ‘Omar Wagih <omar.wagih@utoronto.ca>’
Change to non-FOSS package license.
New license:
  CC BY-NC-SA 3.0
Old license:
  LGPL
Depends: includes the non-default packages:
  ‘jpeg’ ‘tiff’ ‘logging’ ‘parallel’ ‘PET’ ‘ggplot2’ ‘EBImage’
Adding so many packages to the search path is excessive
and importing selectively is preferable.
* checking package namespace information ... OK
* checking package dependencies ... OK
* checking if this is a source package ... OK
* checking if there is a namespace ... OK
* checking for executable files ... OK
* checking for hidden files and directories ... OK
* checking for portable file names ... OK
* checking for sufficient/correct file permissions ... OK
* checking whether package ‘gitter’ can be installed ... OK
* checking installed package size ... OK
* checking package directory ... OK
* checking DESCRIPTION meta-information ... OK
* checking top-level files ... OK
* checking for left-over files ... OK
* checking index information ... OK
* checking package subdirectories ... OK
* checking R files for non-ASCII characters ... OK
* checking R files for syntax errors ... OK
* checking whether the package can be loaded ... OK
* checking whether the package can be loaded with stated dependencies ... OK
* checking whether the package can be unloaded cleanly ... OK
* checking whether the namespace can be loaded with stated dependencies ... OK
* checking whether the namespace can be unloaded cleanly ... OK
* checking dependencies in R code ... OK
* checking S3 generic/method consistency ... OK
* checking replacement functions ... OK
* checking foreign function calls ... OK
* checking R code for possible problems ... OK
* checking Rd files ... OK
* checking Rd metadata ... OK
* checking Rd line widths ... OK
* checking Rd cross-references ... OK
* checking for missing documentation entries ... OK
* checking for code/documentation mismatches ... OK
* checking Rd \usage sections ... OK
* checking Rd contents ... OK
* checking for unstated dependencies in examples ... OK
* checking examples ... OK
Examples with CPU or elapsed time > 5s
               user system elapsed
gitter.batch 10.519  2.322  12.114
gitter        6.124  1.069   7.521
* checking PDF version of manual ... OK
NOTE: There was 1 note.
